Using pre-set license
Built from '2022.3/staging' branch; Version is '2022.3.19f1 (244b723c30a6) revision 2378610'; Using compiler version '192829333'; Build Type 'Release'
OS: 'Windows 11  (10.0.22631) 64bit Professional' Language: 'ru' Physical Memory: 16309 MB
BatchMode: 1, IsHumanControllingUs: 0, StartBugReporterOnCrash: 0, Is64bit: 1, IsPro: 1

COMMAND LINE ARGUMENTS:
V:\unity\2022.3.19f1\Editor\Unity.exe
-adb2
-batchMode
-noUpm
-name
AssetImportWorker1
-projectPath
V:/git/Arasaka
-logFile
Logs/AssetImportWorker1.log
-srvPort
51187
Successfully changed project path to: V:/git/Arasaka
V:/git/Arasaka
[UnityMemory] Configuration Parameters - Can be set up in boot.config
    "memorysetup-bucket-allocator-granularity=16"
    "memorysetup-bucket-allocator-bucket-count=8"
    "memorysetup-bucket-allocator-block-size=33554432"
    "memorysetup-bucket-allocator-block-count=8"
    "memorysetup-main-allocator-block-size=16777216"
    "memorysetup-thread-allocator-block-size=16777216"
    "memorysetup-gfx-main-allocator-block-size=16777216"
    "memorysetup-gfx-thread-allocator-block-size=16777216"
    "memorysetup-cache-allocator-block-size=4194304"
    "memorysetup-typetree-allocator-block-size=2097152"
    "memorysetup-profiler-bucket-allocator-granularity=16"
    "memorysetup-profiler-bucket-allocator-bucket-count=8"
    "memorysetup-profiler-bucket-allocator-block-size=33554432"
    "memorysetup-profiler-bucket-allocator-block-count=8"
    "memorysetup-profiler-allocator-block-size=16777216"
    "memorysetup-profiler-editor-allocator-block-size=1048576"
    "memorysetup-temp-allocator-size-main=16777216"
    "memorysetup-job-temp-allocator-block-size=2097152"
    "memorysetup-job-temp-allocator-block-size-background=1048576"
    "memorysetup-job-temp-allocator-reduction-small-platforms=262144"
    "memorysetup-allocator-temp-initial-block-size-main=262144"
    "memorysetup-allocator-temp-initial-block-size-worker=262144"
    "memorysetup-temp-allocator-size-background-worker=32768"
    "memorysetup-temp-allocator-size-job-worker=262144"
    "memorysetup-temp-allocator-size-preload-manager=33554432"
    "memorysetup-temp-allocator-size-nav-mesh-worker=65536"
    "memorysetup-temp-allocator-size-audio-worker=65536"
    "memorysetup-temp-allocator-size-cloud-worker=32768"
    "memorysetup-temp-allocator-size-gi-baking-worker=262144"
    "memorysetup-temp-allocator-size-gfx=262144"
Player connection [10292] Host "[IP] 192.168.0.108 [Port] 0 [Flags] 2 [Guid] 2191266381 [EditorId] 2191266381 [Version] 1048832 [Id] WindowsEditor(7,quab) [Debug] 1 [PackageName] WindowsEditor [ProjectName] Editor" joined multi-casting on [225.0.0.222:54997]...

Player connection [10292] Host "[IP] 192.168.0.108 [Port] 0 [Flags] 2 [Guid] 2191266381 [EditorId] 2191266381 [Version] 1048832 [Id] WindowsEditor(7,quab) [Debug] 1 [PackageName] WindowsEditor [ProjectName] Editor" joined alternative multi-casting on [225.0.0.222:34997]...

[Physics::Module] Initialized MultithreadedJobDispatcher with 11 workers.
Refreshing native plugins compatible for Editor in 5.34 ms, found 4 plugins.
Preloading 0 native plugins for Editor in 0.00 ms.
Initialize engine version: 2022.3.19f1 (244b723c30a6)
[Subsystems] Discovering subsystems at path V:/unity/2022.3.19f1/Editor/Data/Resources/UnitySubsystems
[Subsystems] Discovering subsystems at path V:/git/Arasaka/Assets
GfxDevice: creating device client; threaded=0; jobified=0
Direct3D:
    Version:  Direct3D 11.0 [level 11.1]
    Renderer: NVIDIA GeForce RTX 2060 SUPER (ID=0x1f06)
    Vendor:   NVIDIA
    VRAM:     8006 MB
    Driver:   32.0.15.6109
Initialize mono
Mono path[0] = 'V:/unity/2022.3.19f1/Editor/Data/Managed'
Mono path[1] = 'V:/unity/2022.3.19f1/Editor/Data/MonoBleedingEdge/lib/mono/unityjit-win32'
Mono config path = 'V:/unity/2022.3.19f1/Editor/Data/MonoBleedingEdge/etc'
Using monoOptions --debugger-agent=transport=dt_socket,embedding=1,server=y,suspend=n,address=127.0.0.1:56428
Begin MonoManager ReloadAssembly
Registering precompiled unity dll's ...
Register platform support module: V:/unity/2022.3.19f1/Editor/Data/PlaybackEngines/WebGLSupport/UnityEditor.WebGL.Extensions.dll
Register platform support module: V:/unity/2022.3.19f1/Editor/Data/PlaybackEngines/AndroidPlayer/UnityEditor.Android.Extensions.dll
Register platform support module: V:/unity/2022.3.19f1/Editor/Data/PlaybackEngines/WindowsStandaloneSupport/UnityEditor.WindowsStandalone.Extensions.dll
Registered in 0.003242 seconds.
- Loaded All Assemblies, in  0.305 seconds
Native extension for WindowsStandalone target not found
Native extension for Android target not found
Android Extension - Scanning For ADB Devices 183 ms
Native extension for WebGL target not found
Mono: successfully reloaded assembly
- Finished resetting the current domain, in  0.473 seconds
Domain Reload Profiling: 777ms
	BeginReloadAssembly (90ms)
		ExecutionOrderSort (0ms)
		DisableScriptedObjects (0ms)
		BackupInstance (0ms)
		ReleaseScriptingObjects (0ms)
		CreateAndSetChildDomain (1ms)
	RebuildCommonClasses (32ms)
	RebuildNativeTypeToScriptingClass (10ms)
	initialDomainReloadingComplete (43ms)
	LoadAllAssembliesAndSetupDomain (130ms)
		LoadAssemblies (89ms)
		RebuildTransferFunctionScriptingTraits (0ms)
		AnalyzeDomain (128ms)
			TypeCache.Refresh (127ms)
				TypeCache.ScanAssembly (115ms)
			ScanForSourceGeneratedMonoScriptInfo (0ms)
			ResolveRequiredComponents (0ms)
	FinalizeReload (473ms)
		ReleaseScriptCaches (0ms)
		RebuildScriptCaches (0ms)
		SetupLoadedEditorAssemblies (420ms)
			LogAssemblyErrors (0ms)
			InitializePlatformSupportModulesInManaged (275ms)
			SetLoadedEditorAssemblies (3ms)
			RefreshPlugins (0ms)
			BeforeProcessingInitializeOnLoad (2ms)
			ProcessInitializeOnLoadAttributes (101ms)
			ProcessInitializeOnLoadMethodAttributes (39ms)
			AfterProcessingInitializeOnLoad (0ms)
			EditorAssembliesLoaded (0ms)
		ExecutionOrderSort2 (0ms)
		AwakeInstancesAfterBackupRestoration (0ms)
========================================================================
Worker process is ready to serve import requests
Begin MonoManager ReloadAssembly
- Loaded All Assemblies, in  0.537 seconds
Refreshing native plugins compatible for Editor in 1.96 ms, found 4 plugins.
Native extension for WindowsStandalone target not found
Native extension for Android target not found
Native extension for WebGL target not found
Package Manager log level set to [2]
[Package Manager] Server::EnsureServerProcessIsRunning -- launch failed, reason: Unity was launched with the -noUpm command-line argument
[Package Manager] UpmClient::Send -- Unable to send message (not connected to UPM process).
[Package Manager] Cannot connect to Unity Package Manager local server
Mono: successfully reloaded assembly
- Finished resetting the current domain, in  0.622 seconds
Domain Reload Profiling: 1158ms
	BeginReloadAssembly (123ms)
		ExecutionOrderSort (0ms)
		DisableScriptedObjects (5ms)
		BackupInstance (0ms)
		ReleaseScriptingObjects (0ms)
		CreateAndSetChildDomain (19ms)
	RebuildCommonClasses (32ms)
	RebuildNativeTypeToScriptingClass (11ms)
	initialDomainReloadingComplete (32ms)
	LoadAllAssembliesAndSetupDomain (338ms)
		LoadAssemblies (241ms)
		RebuildTransferFunctionScriptingTraits (0ms)
		AnalyzeDomain (167ms)
			TypeCache.Refresh (142ms)
				TypeCache.ScanAssembly (127ms)
			ScanForSourceGeneratedMonoScriptInfo (19ms)
			ResolveRequiredComponents (5ms)
	FinalizeReload (622ms)
		ReleaseScriptCaches (0ms)
		RebuildScriptCaches (0ms)
		SetupLoadedEditorAssemblies (470ms)
			LogAssemblyErrors (0ms)
			InitializePlatformSupportModulesInManaged (19ms)
			SetLoadedEditorAssemblies (3ms)
			RefreshPlugins (0ms)
			BeforeProcessingInitializeOnLoad (55ms)
			ProcessInitializeOnLoadAttributes (359ms)
			ProcessInitializeOnLoadMethodAttributes (31ms)
			AfterProcessingInitializeOnLoad (2ms)
			EditorAssembliesLoaded (0ms)
		ExecutionOrderSort2 (0ms)
		AwakeInstancesAfterBackupRestoration (5ms)
Launched and connected shader compiler UnityShaderCompiler.exe after 0.03 seconds
Refreshing native plugins compatible for Editor in 2.90 ms, found 4 plugins.
Preloading 0 native plugins for Editor in 0.00 ms.
Unloading 4198 Unused Serialized files (Serialized files now loaded: 0)
Unloading 77 unused Assets / (135.6 KB). Loaded Objects now: 4661.
Memory consumption went from 153.9 MB to 153.8 MB.
Total: 4.911000 ms (FindLiveObjects: 0.618800 ms CreateObjectMapping: 0.139300 ms MarkObjects: 3.939400 ms  DeleteObjects: 0.212200 ms)

AssetImportParameters requested are different than current active one (requested -> active):
  custom:container-demuxer-ogg: 62fdf1f143b41e24485cea50d1cbac27 -> 
  custom:video-codec-MediaFoundation-h265: 746d11721c4dcdbdad8f713fa42b33f4 -> 
  custom:video-decoder-ogg-theora: a1e56fd34408186e4bbccfd4996cb3dc -> 
  custom:framework-win-MediaFoundation: 216162199b28c13a410421893ffa2e32 -> 
  custom:CustomObjectIndexerAttribute: 6d391050e5a25f67b0a2c618074f2cd9 -> 
  custom:container-demuxer-webm: 4f35f7cbe854078d1ac9338744f61a02 -> 
  custom:container-muxer-webm: aa71ff27fc2769a1b78a27578f13a17b -> 
  custom:video-decoder-webm-vp8: 9c59270c3fd7afecdb556c50c9e8de78 -> 
  custom:SearchIndexIgnoredProperties: e643bd26f0fe6173181afceb89e7c659 -> 
  custom:AudioImporter_EditorPlatform: d09bf68614088b80899f8185d706f6e7 -> 
  custom:video-encoder-webm-vp8: eb34c28f22e8b96e1ab97ce403110664 -> 
  custom:audio-decoder-ogg-vorbis: bf7c407c2cedff20999df2af8eb42d56 -> 
  custom:audio-encoder-webm-vorbis: bf7c407c2cedff20999df2af8eb42d56 -> 
========================================================================
Received Import Request.
  Time since last request: 5803.795995 seconds.
  path: Packages/com.unity.2d.aseprite/package.json
  artifactKey: Guid(fcf2f4964f64c4a0fa8c994d677d8bd9) Importer(815301076,1909f56bfc062723c751e8b465ee728b)
Start importing Packages/com.unity.2d.aseprite/package.json using Guid(fcf2f4964f64c4a0fa8c994d677d8bd9) Importer(815301076,1909f56bfc062723c751e8b465ee728b)  -> (artifact id: 'bb1365ec6fdc844201c984da83ad1252') in 0.009610 seconds
Number of updated asset objects reloaded before import = 0
Number of asset objects unloaded after import = 1
========================================================================
Received Import Request.
  Time since last request: 24.158132 seconds.
  path: Assets/Asset/Map model/пол дерево.asset
  artifactKey: Guid(ad8ab7780e07467409c832d87c84e0b6) Importer(815301076,1909f56bfc062723c751e8b465ee728b)
Start importing Assets/Asset/Map model/пол дерево.asset using Guid(ad8ab7780e07467409c832d87c84e0b6) Importer(815301076,1909f56bfc062723c751e8b465ee728b)  -> (artifact id: '49a7d75b08784a4a59bc509f550d731e') in 0.062480 seconds
Number of updated asset objects reloaded before import = 0
Number of asset objects unloaded after import = 3
========================================================================
Received Import Request.
  Time since last request: 0.000013 seconds.
  path: Assets/Asset/Map model/столб стены 1.png
  artifactKey: Guid(b6186c525f6486c49b4586fb9878c995) Importer(815301076,1909f56bfc062723c751e8b465ee728b)
Start importing Assets/Asset/Map model/столб стены 1.png using Guid(b6186c525f6486c49b4586fb9878c995) Importer(815301076,1909f56bfc062723c751e8b465ee728b)  -> (artifact id: '8feba8c4cad4434f4065ae7a149c59ea') in 0.027070 seconds
Number of updated asset objects reloaded before import = 0
Number of asset objects unloaded after import = 3
========================================================================
Received Import Request.
  Time since last request: 0.000072 seconds.
  path: Assets/Asset/Map model/пол дерево.png
  artifactKey: Guid(f50e38689fa3a9c4bab940baffa82d1e) Importer(815301076,1909f56bfc062723c751e8b465ee728b)
Start importing Assets/Asset/Map model/пол дерево.png using Guid(f50e38689fa3a9c4bab940baffa82d1e) Importer(815301076,1909f56bfc062723c751e8b465ee728b)  -> (artifact id: '0daf6187ac71a72c87f72fe88ddb1df8') in 0.016743 seconds
Number of updated asset objects reloaded before import = 0
Number of asset objects unloaded after import = 3
========================================================================
Received Import Request.
  Time since last request: 0.000010 seconds.
  path: Assets/Asset/Map model/стена окно 1_2.asset
  artifactKey: Guid(8ddae5a3c374e664b8922e1e0d64817e) Importer(815301076,1909f56bfc062723c751e8b465ee728b)
Start importing Assets/Asset/Map model/стена окно 1_2.asset using Guid(8ddae5a3c374e664b8922e1e0d64817e) Importer(815301076,1909f56bfc062723c751e8b465ee728b)  -> (artifact id: '0209b401e0efe634b81495e375755026') in 0.006552 seconds
Number of updated asset objects reloaded before import = 0
Number of asset objects unloaded after import = 3
========================================================================
Received Import Request.
  Time since last request: 0.000011 seconds.
  path: Assets/Asset/Map model/стена окно 1_3.asset
  artifactKey: Guid(45fe30b3e49402c49a0545cee43e3699) Importer(815301076,1909f56bfc062723c751e8b465ee728b)
Start importing Assets/Asset/Map model/стена окно 1_3.asset using Guid(45fe30b3e49402c49a0545cee43e3699) Importer(815301076,1909f56bfc062723c751e8b465ee728b)  -> (artifact id: 'fb5e96cbcff5ba31f336022e733a0f4d') in 0.004875 seconds
Number of updated asset objects reloaded before import = 0
Number of asset objects unloaded after import = 3
========================================================================
Received Import Request.
  Time since last request: 0.000010 seconds.
  path: Assets/Asset/Map model/стена обои 1_1.asset
  artifactKey: Guid(166bbd292f9d8e34faa5339fc96c35c3) Importer(815301076,1909f56bfc062723c751e8b465ee728b)
Start importing Assets/Asset/Map model/стена обои 1_1.asset using Guid(166bbd292f9d8e34faa5339fc96c35c3) Importer(815301076,1909f56bfc062723c751e8b465ee728b)  -> (artifact id: '424b40bc7716d50ddc5c49e6e11ec89e') in 0.005220 seconds
Number of updated asset objects reloaded before import = 0
Number of asset objects unloaded after import = 3
========================================================================
Received Import Request.
  Time since last request: 0.000016 seconds.
  path: Assets/Asset/Map model/стена окно 1.png
  artifactKey: Guid(5a807b2d23a1c2146a2bb96a821fbb87) Importer(815301076,1909f56bfc062723c751e8b465ee728b)
Start importing Assets/Asset/Map model/стена окно 1.png using Guid(5a807b2d23a1c2146a2bb96a821fbb87) Importer(815301076,1909f56bfc062723c751e8b465ee728b)  -> (artifact id: '73e536b3432667c2e092b5a7fb78b2a9') in 0.055299 seconds
Number of updated asset objects reloaded before import = 0
Number of asset objects unloaded after import = 11
========================================================================
Received Import Request.
  Time since last request: 0.000012 seconds.
  path: Assets/Asset/Map model/стена обои 1_8.asset
  artifactKey: Guid(8d399063d17a2144fb218a7798ab3998) Importer(815301076,1909f56bfc062723c751e8b465ee728b)
Start importing Assets/Asset/Map model/стена обои 1_8.asset using Guid(8d399063d17a2144fb218a7798ab3998) Importer(815301076,1909f56bfc062723c751e8b465ee728b)  -> (artifact id: '19341b41c536e42208e8f62c2a71f770') in 0.006965 seconds
Number of updated asset objects reloaded before import = 0
Number of asset objects unloaded after import = 3
========================================================================
Received Import Request.
  Time since last request: 0.000016 seconds.
  path: Assets/Asset/Map model/стена окно 1_4.asset
  artifactKey: Guid(6b9bd38e04741ca4c9514a94b3f64b3a) Importer(815301076,1909f56bfc062723c751e8b465ee728b)
Start importing Assets/Asset/Map model/стена окно 1_4.asset using Guid(6b9bd38e04741ca4c9514a94b3f64b3a) Importer(815301076,1909f56bfc062723c751e8b465ee728b)  -> (artifact id: 'e7420c359ebe466ab9dd9206c6c2b093') in 0.009218 seconds
Number of updated asset objects reloaded before import = 0
Number of asset objects unloaded after import = 3
========================================================================
Received Import Request.
  Time since last request: 0.000011 seconds.
  path: Assets/Asset/Map model/стена окно 1_8.asset
  artifactKey: Guid(286fbf7fdd049fc4b8e01ff7d3ed06e1) Importer(815301076,1909f56bfc062723c751e8b465ee728b)
Start importing Assets/Asset/Map model/стена окно 1_8.asset using Guid(286fbf7fdd049fc4b8e01ff7d3ed06e1) Importer(815301076,1909f56bfc062723c751e8b465ee728b)  -> (artifact id: '03fb65b517561448835f545e489ad575') in 0.004429 seconds
Number of updated asset objects reloaded before import = 0
Number of asset objects unloaded after import = 3
========================================================================
Received Import Request.
  Time since last request: 0.000012 seconds.
  path: Assets/Asset/Map model/стена обои 1_2.asset
  artifactKey: Guid(c09dc7f5c3132804e933ea077a7f935a) Importer(815301076,1909f56bfc062723c751e8b465ee728b)
Start importing Assets/Asset/Map model/стена обои 1_2.asset using Guid(c09dc7f5c3132804e933ea077a7f935a) Importer(815301076,1909f56bfc062723c751e8b465ee728b)  -> (artifact id: '5a1479ed1aae23746daaa43f73c4d88a') in 0.005596 seconds
Number of updated asset objects reloaded before import = 0
Number of asset objects unloaded after import = 3
========================================================================
Received Import Request.
  Time since last request: 0.000010 seconds.
  path: Assets/Asset/Map model/стена сбоку 2.asset
  artifactKey: Guid(d6d544ab5c8cffd41b2abf34b7256f45) Importer(815301076,1909f56bfc062723c751e8b465ee728b)
Start importing Assets/Asset/Map model/стена сбоку 2.asset using Guid(d6d544ab5c8cffd41b2abf34b7256f45) Importer(815301076,1909f56bfc062723c751e8b465ee728b)  -> (artifact id: '4a58beade8d14f4fac2e0b3e55ee7ae5') in 0.007286 seconds
Number of updated asset objects reloaded before import = 0
Number of asset objects unloaded after import = 3
========================================================================
Received Import Request.
  Time since last request: 0.000015 seconds.
  path: Assets/Asset/Map model/стена сбоку 2.png
  artifactKey: Guid(55b5d62cd8edc974a9aaa46865a0d610) Importer(815301076,1909f56bfc062723c751e8b465ee728b)
Start importing Assets/Asset/Map model/стена сбоку 2.png using Guid(55b5d62cd8edc974a9aaa46865a0d610) Importer(815301076,1909f56bfc062723c751e8b465ee728b)  -> (artifact id: 'ef7a88840ef9db01901c97eb466f334a') in 0.008522 seconds
Number of updated asset objects reloaded before import = 0
Number of asset objects unloaded after import = 3
========================================================================
Received Import Request.
  Time since last request: 0.000011 seconds.
  path: Assets/Asset/Map model/стенап плита.asset
  artifactKey: Guid(12441d2fe2266ec4f84d319806db4715) Importer(815301076,1909f56bfc062723c751e8b465ee728b)
Start importing Assets/Asset/Map model/стенап плита.asset using Guid(12441d2fe2266ec4f84d319806db4715) Importer(815301076,1909f56bfc062723c751e8b465ee728b)  -> (artifact id: '646df4cb718cce6092db7637be9f1232') in 0.004362 seconds
Number of updated asset objects reloaded before import = 0
Number of asset objects unloaded after import = 3
========================================================================
Received Import Request.
  Time since last request: 0.000011 seconds.
  path: Assets/Asset/Map model/стена окно 1_1.asset
  artifactKey: Guid(406e536d7c25f634080df2e64a559b7a) Importer(815301076,1909f56bfc062723c751e8b465ee728b)
Start importing Assets/Asset/Map model/стена окно 1_1.asset using Guid(406e536d7c25f634080df2e64a559b7a) Importer(815301076,1909f56bfc062723c751e8b465ee728b)  -> (artifact id: '8608021e47328065b20c2b6eb2c5d03c') in 0.006982 seconds
Number of updated asset objects reloaded before import = 0
Number of asset objects unloaded after import = 3
========================================================================
Received Import Request.
  Time since last request: 0.000014 seconds.
  path: Assets/Asset/Map model/столб стены.asset
  artifactKey: Guid(c0a70b8bf545de847aa9ba1c9eeda0da) Importer(815301076,1909f56bfc062723c751e8b465ee728b)
Start importing Assets/Asset/Map model/столб стены.asset using Guid(c0a70b8bf545de847aa9ba1c9eeda0da) Importer(815301076,1909f56bfc062723c751e8b465ee728b)  -> (artifact id: '87f568c457c7b37ecd33348c59f6f202') in 0.009081 seconds
Number of updated asset objects reloaded before import = 0
Number of asset objects unloaded after import = 3
========================================================================
Received Import Request.
  Time since last request: 0.000013 seconds.
  path: Assets/Asset/Map model/стена окно 1_5.asset
  artifactKey: Guid(dedcb1a4ad2904648bb34f852fe1e230) Importer(815301076,1909f56bfc062723c751e8b465ee728b)
Start importing Assets/Asset/Map model/стена окно 1_5.asset using Guid(dedcb1a4ad2904648bb34f852fe1e230) Importer(815301076,1909f56bfc062723c751e8b465ee728b)  -> (artifact id: '2872d88590e750a822369d5e53d0161c') in 0.005021 seconds
Number of updated asset objects reloaded before import = 0
Number of asset objects unloaded after import = 3
========================================================================
Received Import Request.
  Time since last request: 0.000013 seconds.
  path: Assets/Asset/Map model/стена.png
  artifactKey: Guid(ea0a55112d1d4244b83acaca69f704d5) Importer(815301076,1909f56bfc062723c751e8b465ee728b)
Start importing Assets/Asset/Map model/стена.png using Guid(ea0a55112d1d4244b83acaca69f704d5) Importer(815301076,1909f56bfc062723c751e8b465ee728b)  -> (artifact id: 'aa8c53de4c86776b66e08148ab94fac4') in 0.013288 seconds
Number of updated asset objects reloaded before import = 0
Number of asset objects unloaded after import = 3
========================================================================
Received Import Request.
  Time since last request: 0.000011 seconds.
  path: Assets/Asset/Map model/стена сбоку.asset
  artifactKey: Guid(8e14064d6f38d5b49877a49218c35cba) Importer(815301076,1909f56bfc062723c751e8b465ee728b)
Start importing Assets/Asset/Map model/стена сбоку.asset using Guid(8e14064d6f38d5b49877a49218c35cba) Importer(815301076,1909f56bfc062723c751e8b465ee728b)  -> (artifact id: 'd5a222c1c4e1acd188d4dba4a25d3735') in 0.004971 seconds
Number of updated asset objects reloaded before import = 0
Number of asset objects unloaded after import = 3
========================================================================
Received Import Request.
  Time since last request: 0.000010 seconds.
  path: Assets/Asset/Map model/стена окно 1_0.asset
  artifactKey: Guid(f11a2f4733b04314e855f8c1188a575c) Importer(815301076,1909f56bfc062723c751e8b465ee728b)
Start importing Assets/Asset/Map model/стена окно 1_0.asset using Guid(f11a2f4733b04314e855f8c1188a575c) Importer(815301076,1909f56bfc062723c751e8b465ee728b)  -> (artifact id: 'c004a5e4dca4eb266c794280998348fd') in 0.007142 seconds
Number of updated asset objects reloaded before import = 0
Number of asset objects unloaded after import = 3
